<?xml version="1.0" encoding="UTF-8" standalone="yes" ?>
<test-results name="D:\source\delphi\DelphiMemoryManagement\test\Win64\Debug\MemoryManagementInTest.exe" total="6" errors="0" failures="0" ignored="0" inconclusive="0" not-run="0" skipped="0" invalid="0" date="2025-10-12" time="17:58:19">
  <culture-info current-culture="en" current-uiculture="en" />
  <test-suite type="Assembly" name="MemoryManagementInTest.exe" executed="true" result="Success" success="True" time="17:58:19" asserts="0">
    <results>
        <test-suite type="Namespace" name="BasicTestUnit" executed="true" result="Success" success="True" time="0.002" asserts="0" >
          <results>
              <test-suite type="Fixture" name="TBasicTest" executed="True" result="Success" success="True" time="0.002" >
                <results>
                  <test-case name="TestCreateDog" executed="True" result="Success" success="True" time="0.000" asserts="0" />
                  <test-case name="TestMakeNoise.TestA" executed="True" result="Success" success="True" time="0.000" asserts="0" />
                  <test-case name="TestMakeNoise.TestB" executed="True" result="Success" success="True" time="0.000" asserts="0" />
                </results>
              </test-suite>
          </results>
        </test-suite>
        <test-suite type="Namespace" name="MemoryManagementTestUnit" executed="true" result="Success" success="True" time="0.004" asserts="0" >
          <results>
              <test-suite type="Fixture" name="TMemoryManagementTest" executed="True" result="Success" success="True" time="0.004" >
                <results>
                  <test-case name="Test1" executed="True" result="Success" success="True" time="0.000" asserts="0" />
                  <test-case name="Test2.TestA" executed="True" result="Success" success="True" time="0.000" asserts="0" />
                  <test-case name="Test2.TestB" executed="True" result="Success" success="True" time="0.000" asserts="0" />
                </results>
              </test-suite>
          </results>
        </test-suite>
    </results>
  </test-suite>
</test-results>
